{"target": 1.0, "params": {"x": 0.0, "y": 0.0}, "datetime": {"datetime": "2022-12-13 15:56:52", "elapsed": 0.0, "delta": 0.0}}
{"target": 0.9270002841949463, "params": {"x": 0.5999999642372131, "y": 0.0}, "datetime": {"datetime": "2022-12-13 15:56:52", "elapsed": 0.005984, "delta": 0.005984}}
{"target": 0.1946454644203186, "params": {"x": 1.1999999284744263, "y": 0.0}, "datetime": {"datetime": "2022-12-13 15:56:52", "elapsed": 0.011968, "delta": 0.005984}}
{"target": 0.07708919048309326, "params": {"x": 1.7999999523162842, "y": 0.0}, "datetime": {"datetime": "2022-12-13 15:56:52", "elapsed": 0.017952, "delta": 0.005984}}
{"target": 0.7629619836807251, "params": {"x": 2.3999998569488525, "y": 0.0}, "datetime": {"datetime": "2022-12-13 15:56:52", "elapsed": 0.023936, "delta": 0.005984}}
{"target": 1.101290225982666, "params": {"x": 3.0, "y": 0.0}, "datetime": {"datetime": "2022-12-13 15:56:52", "elapsed": 0.029922, "delta": 0.005986}}
{"target": 0.16583111882209778, "params": {"x": 3.5999999046325684, "y": 0.0}, "datetime": {"datetime": "2022-12-13 15:56:52", "elapsed": 0.034908, "delta": 0.004986}}
{"target": -1.3908638954162598, "params": {"x": 4.199999809265137, "y": 0.0}, "datetime": {"datetime": "2022-12-13 15:56:52", "elapsed": 0.039894, "delta": 0.004986}}
{"target": -1.9808526039123535, "params": {"x": 4.799999713897705, "y": 0.0}, "datetime": {"datetime": "2022-12-13 15:56:52", "elapsed": 0.044881, "delta": 0.004987}}
{"target": -0.9670941829681396, "params": {"x": 5.400000095367432, "y": 0.0}, "datetime": {"datetime": "2022-12-13 15:56:52", "elapsed": 0.049868, "delta": 0.004987}}
{"target": 0.8253356218338013, "params": {"x": 0.0, "y": 0.5999999642372131}, "datetime": {"datetime": "2022-12-13 15:56:52", "elapsed": 0.054854, "delta": 0.004986}}
{"target": 0.8637092113494873, "params": {"x": 0.5999999642372131, "y": 0.5999999642372131}, "datetime": {"datetime": "2022-12-13 15:56:52", "elapsed": 0.059841, "delta": 0.004987}}
{"target": 0.32344186305999756, "params": {"x": 1.1999999284744263, "y": 0.5999999642372131}, "datetime": {"datetime": "2022-12-13 15:56:52", "elapsed": 0.065825, "delta": 0.005984}}
{"target": 0.23372095823287964, "params": {"x": 1.7999999523162842, "y": 0.5999999642372131}, "datetime": {"datetime": "2022-12-13 15:56:52", "elapsed": 0.070812, "delta": 0.004987}}
{"target": 0.7476790547370911, "params": {"x": 2.3999998569488525, "y": 0.5999999642372131}, "datetime": {"datetime": "2022-12-13 15:56:52", "elapsed": 0.075799, "delta": 0.004987}}
{"target": 0.9335827231407166, "params": {"x": 3.0, "y": 0.5999999642372131}, "datetime": {"datetime": "2022-12-13 15:56:52", "elapsed": 0.080785, "delta": 0.004986}}
{"target": 0.05957379937171936, "params": {"x": 3.5999999046325684, "y": 0.5999999642372131}, "datetime": {"datetime": "2022-12-13 15:56:52", "elapsed": 0.085772, "delta": 0.004987}}
{"target": -1.3001627922058105, "params": {"x": 4.199999809265137, "y": 0.5999999642372131}, "datetime": {"datetime": "2022-12-13 15:56:52", "elapsed": 0.090759, "delta": 0.004987}}
{"target": -1.8088626861572266, "params": {"x": 4.799999713897705, "y": 0.5999999642372131}, "datetime": {"datetime": "2022-12-13 15:56:52", "elapsed": 0.095746, "delta": 0.004987}}
{"target": -0.9331517219543457, "params": {"x": 5.400000095367432, "y": 0.5999999642372131}, "datetime": {"datetime": "2022-12-13 15:56:52", "elapsed": 0.100733, "delta": 0.004987}}
{"target": 0.36235782504081726, "params": {"x": 0.0, "y": 1.1999999284744263}, "datetime": {"datetime": "2022-12-13 15:56:52", "elapsed": 0.106717, "delta": 0.005984}}
{"target": 0.6959456205368042, "params": {"x": 0.5999999642372131, "y": 1.1999999284744263}, "datetime": {"datetime": "2022-12-13 15:56:52", "elapsed": 0.111703, "delta": 0.004986}}
{"target": 0.6648387312889099, "params": {"x": 1.1999999284744263, "y": 1.1999999284744263}, "datetime": {"datetime": "2022-12-13 15:56:52", "elapsed": 0.11669, "delta": 0.004987}}
{"target": 0.6489001512527466, "params": {"x": 1.7999999523162842, "y": 1.1999999284744263}, "datetime": {"datetime": "2022-12-13 15:56:52", "elapsed": 0.122674, "delta": 0.005984}}
{"target": 0.7071691155433655, "params": {"x": 2.3999998569488525, "y": 1.1999999284744263}, "datetime": {"datetime": "2022-12-13 15:56:52", "elapsed": 0.127661, "delta": 0.004987}}
{"target": 0.4890452027320862, "params": {"x": 3.0, "y": 1.1999999284744263}, "datetime": {"datetime": "2022-12-13 15:56:52", "elapsed": 0.134643, "delta": 0.006982}}
{"target": -0.22207944095134735, "params": {"x": 3.5999999046325684, "y": 1.1999999284744263}, "datetime": {"datetime": "2022-12-13 15:56:52", "elapsed": 0.140627, "delta": 0.005984}}
{"target": -1.059743881225586, "params": {"x": 4.199999809265137, "y": 1.1999999284744263}, "datetime": {"datetime": "2022-12-13 15:56:52", "elapsed": 0.146611, "delta": 0.005984}}
{"target": -1.3529740571975708, "params": {"x": 4.799999713897705, "y": 1.1999999284744263}, "datetime": {"datetime": "2022-12-13 15:56:52", "elapsed": 0.152595, "delta": 0.005984}}
{"target": -0.8431813716888428, "params": {"x": 5.400000095367432, "y": 1.1999999284744263}, "datetime": {"datetime": "2022-12-13 15:56:52", "elapsed": 0.157582, "delta": 0.004987}}
{"target": -0.22720204293727875, "params": {"x": 0.0, "y": 1.7999999523162842}, "datetime": {"datetime": "2022-12-13 15:56:52", "elapsed": 0.164564, "delta": 0.006982}}
{"target": 0.48231399059295654, "params": {"x": 0.5999999642372131, "y": 1.7999999523162842}, "datetime": {"datetime": "2022-12-13 15:56:52", "elapsed": 0.171545, "delta": 0.006981}}
{"target": 1.099576473236084, "params": {"x": 1.1999999284744263, "y": 1.7999999523162842}, "datetime": {"datetime": "2022-12-13 15:56:52", "elapsed": 0.177529, "delta": 0.005984}}
{"target": 1.1775929927825928, "params": {"x": 1.7999999523162842, "y": 1.7999999523162842}, "datetime": {"datetime": "2022-12-13 15:56:52", "elapsed": 0.183513, "delta": 0.005984}}
{"target": 0.655583381652832, "params": {"x": 2.3999998569488525, "y": 1.7999999523162842}, "datetime": {"datetime": "2022-12-13 15:56:52", "elapsed": 0.190495, "delta": 0.006982}}
{"target": -0.07703264057636261, "params": {"x": 3.0, "y": 1.7999999523162842}, "datetime": {"datetime": "2022-12-13 15:56:52", "elapsed": 0.196478, "delta": 0.005983}}
{"target": -0.5807390213012695, "params": {"x": 3.5999999046325684, "y": 1.7999999523162842}, "datetime": {"datetime": "2022-12-13 15:56:52", "elapsed": 0.204458, "delta": 0.00798}}
{"target": -0.753592312335968, "params": {"x": 4.199999809265137, "y": 1.7999999523162842}, "datetime": {"datetime": "2022-12-13 15:56:52", "elapsed": 0.210442, "delta": 0.005984}}
{"target": -0.7724415063858032, "params": {"x": 4.799999713897705, "y": 1.7999999523162842}, "datetime": {"datetime": "2022-12-13 15:56:52", "elapsed": 0.217423, "delta": 0.006981}}
{"target": -0.7286123037338257, "params": {"x": 5.400000095367432, "y": 1.7999999523162842}, "datetime": {"datetime": "2022-12-13 15:56:52", "elapsed": 0.223407, "delta": 0.005984}}
{"target": -0.7373936176300049, "params": {"x": 0.0, "y": 2.3999998569488525}, "datetime": {"datetime": "2022-12-13 15:56:52", "elapsed": 0.229391, "delta": 0.005984}}
{"target": 0.29744207859039307, "params": {"x": 0.5999999642372131, "y": 2.3999998569488525}, "datetime": {"datetime": "2022-12-13 15:56:52", "elapsed": 0.235376, "delta": 0.005985}}
{"target": 1.4757883548736572, "params": {"x": 1.1999999284744263, "y": 2.3999998569488525}, "datetime": {"datetime": "2022-12-13 15:56:52", "elapsed": 0.24136, "delta": 0.005984}}
{"target": 1.6351115703582764, "params": {"x": 1.7999999523162842, "y": 2.3999998569488525}, "datetime": {"datetime": "2022-12-13 15:56:52", "elapsed": 0.247344, "delta": 0.005984}}
{"target": 0.6109422445297241, "params": {"x": 2.3999998569488525, "y": 2.3999998569488525}, "datetime": {"datetime": "2022-12-13 15:56:52", "elapsed": 0.253328, "delta": 0.005984}}
{"target": -0.5669034123420715, "params": {"x": 3.0, "y": 2.3999998569488525}, "datetime": {"datetime": "2022-12-13 15:56:52", "elapsed": 0.259312, "delta": 0.005984}}
{"target": -0.8911148309707642, "params": {"x": 3.5999999046325684, "y": 2.3999998569488525}, "datetime": {"datetime": "2022-12-13 15:56:52", "elapsed": 0.266294, "delta": 0.006982}}
{"target": -0.48865577578544617, "params": {"x": 4.199999809265137, "y": 2.3999998569488525}, "datetime": {"datetime": "2022-12-13 15:56:52", "elapsed": 0.273275, "delta": 0.006981}}
{"target": -0.2700619697570801, "params": {"x": 4.799999713897705, "y": 2.3999998569488525}, "datetime": {"datetime": "2022-12-13 15:56:52", "elapsed": 0.279259, "delta": 0.005984}}
{"target": -0.6294669508934021, "params": {"x": 5.400000095367432, "y": 2.3999998569488525}, "datetime": {"datetime": "2022-12-13 15:56:52", "elapsed": 0.285925, "delta": 0.006666}}
{"target": -0.9899924993515015, "params": {"x": 0.0, "y": 3.0}, "datetime": {"datetime": "2022-12-13 15:56:52", "elapsed": 0.292255, "delta": 0.00633}}
{"target": 0.20591089129447937, "params": {"x": 0.5999999642372131, "y": 3.0}, "datetime": {"datetime": "2022-12-13 15:56:52", "elapsed": 0.29824, "delta": 0.005985}}
{"target": 1.6620532274246216, "params": {"x": 1.1999999284744263, "y": 3.0}, "datetime": {"datetime": "2022-12-13 15:56:52", "elapsed": 0.303226, "delta": 0.004986}}
{"target": 1.8616317510604858, "params": {"x": 1.7999999523162842, "y": 3.0}, "datetime": {"datetime": "2022-12-13 15:56:52", "elapsed": 0.30921, "delta": 0.005984}}
{"target": 0.5888401865959167, "params": {"x": 2.3999998569488525, "y": 3.0}, "datetime": {"datetime": "2022-12-13 15:56:52", "elapsed": 0.316192, "delta": 0.006982}}
{"target": -0.809441328048706, "params": {"x": 3.0, "y": 3.0}, "datetime": {"datetime": "2022-12-13 15:56:52", "elapsed": 0.322177, "delta": 0.005985}}
{"target": -1.0447837114334106, "params": {"x": 3.5999999046325684, "y": 3.0}, "datetime": {"datetime": "2022-12-13 15:56:52", "elapsed": 0.329157, "delta": 0.00698}}
{"target": -0.3574841022491455, "params": {"x": 4.199999809265137, "y": 3.0}, "datetime": {"datetime": "2022-12-13 15:56:52", "elapsed": 0.335142, "delta": 0.005985}}
{"target": -0.02133089303970337, "params": {"x": 4.799999713897705, "y": 3.0}, "datetime": {"datetime": "2022-12-13 15:56:52", "elapsed": 0.342123, "delta": 0.006981}}
{"target": -0.5803794860839844, "params": {"x": 5.400000095367432, "y": 3.0}, "datetime": {"datetime": "2022-12-13 15:56:52", "elapsed": 0.349105, "delta": 0.006982}}
{"target": -0.8967584371566772, "params": {"x": 0.0, "y": 3.5999999046325684}, "datetime": {"datetime": "2022-12-13 15:56:53", "elapsed": 0.356085, "delta": 0.00698}}
{"target": 0.2396949827671051, "params": {"x": 0.5999999642372131, "y": 3.5999999046325684}, "datetime": {"datetime": "2022-12-13 15:56:53", "elapsed": 0.364065, "delta": 0.00798}}
{"target": 1.5933029651641846, "params": {"x": 1.1999999284744263, "y": 3.5999999046325684}, "datetime": {"datetime": "2022-12-13 15:56:53", "elapsed": 0.372044, "delta": 0.007979}}
{"target": 1.7780232429504395, "params": {"x": 1.7999999523162842, "y": 3.5999999046325684}, "datetime": {"datetime": "2022-12-13 15:56:53", "elapsed": 0.379025, "delta": 0.006981}}
{"target": 0.5969980359077454, "params": {"x": 2.3999998569488525, "y": 3.5999999046325684}, "datetime": {"datetime": "2022-12-13 15:56:53", "elapsed": 0.386006, "delta": 0.006981}}
{"target": -0.7199207544326782, "params": {"x": 3.0, "y": 3.5999999046325684}, "datetime": {"datetime": "2022-12-13 15:56:53", "elapsed": 0.392988, "delta": 0.006982}}
{"target": -0.9880646467208862, "params": {"x": 3.5999999046325684, "y": 3.5999999046325684}, "datetime": {"datetime": "2022-12-13 15:56:53", "elapsed": 0.398972, "delta": 0.005984}}
{"target": -0.4058994948863983, "params": {"x": 4.199999809265137, "y": 3.5999999046325684}, "datetime": {"datetime": "2022-12-13 15:56:53", "elapsed": 0.405953, "delta": 0.006981}}
{"target": -0.11313736438751221, "params": {"x": 4.799999713897705, "y": 3.5999999046325684}, "datetime": {"datetime": "2022-12-13 15:56:53", "elapsed": 0.413954, "delta": 0.008001}}
{"target": -0.5984976291656494, "params": {"x": 5.400000095367432, "y": 3.5999999046325684}, "datetime": {"datetime": "2022-12-13 15:56:53", "elapsed": 0.420914, "delta": 0.00696}}
{"target": -0.4902609884738922, "params": {"x": 0.0, "y": 4.199999809265137}, "datetime": {"datetime": "2022-12-13 15:56:53", "elapsed": 0.426898, "delta": 0.005984}}
{"target": 0.38699251413345337, "params": {"x": 0.5999999642372131, "y": 4.199999809265137}, "datetime": {"datetime": "2022-12-13 15:56:53", "elapsed": 0.432882, "delta": 0.005984}}
{"target": 1.293554425239563, "params": {"x": 1.1999999284744263, "y": 4.199999809265137}, "datetime": {"datetime": "2022-12-13 15:56:53", "elapsed": 0.439863, "delta": 0.006981}}
{"target": 1.413493275642395, "params": {"x": 1.7999999523162842, "y": 4.199999809265137}, "datetime": {"datetime": "2022-12-13 15:56:53", "elapsed": 0.446845, "delta": 0.006982}}
{"target": 0.6325660347938538, "params": {"x": 2.3999998569488525, "y": 4.199999809265137}, "datetime": {"datetime": "2022-12-13 15:56:53", "elapsed": 0.453827, "delta": 0.006982}}
{"target": -0.3296140432357788, "params": {"x": 3.0, "y": 4.199999809265137}, "datetime": {"datetime": "2022-12-13 15:56:53", "elapsed": 0.459811, "delta": 0.005984}}
{"target": -0.7407713532447815, "params": {"x": 3.5999999046325684, "y": 4.199999809265137}, "datetime": {"datetime": "2022-12-13 15:56:53", "elapsed": 0.466792, "delta": 0.006981}}
{"target": -0.6169888973236084, "params": {"x": 4.199999809265137, "y": 4.199999809265137}, "datetime": {"datetime": "2022-12-13 15:56:53", "elapsed": 0.473773, "delta": 0.006981}}
{"target": -0.5134105086326599, "params": {"x": 4.799999713897705, "y": 4.199999809265137}, "datetime": {"datetime": "2022-12-13 15:56:53", "elapsed": 0.479757, "delta": 0.005984}}
{"target": -0.6774921417236328, "params": {"x": 5.400000095367432, "y": 4.199999809265137}, "datetime": {"datetime": "2022-12-13 15:56:53", "elapsed": 0.487736, "delta": 0.007979}}
{"target": 0.08749870210886002, "params": {"x": 0.0, "y": 4.799999713897705}, "datetime": {"datetime": "2022-12-13 15:56:53", "elapsed": 0.49372, "delta": 0.005984}}
{"target": 0.5963482856750488, "params": {"x": 0.5999999642372131, "y": 4.799999713897705}, "datetime": {"datetime": "2022-12-13 15:56:53", "elapsed": 0.500702, "delta": 0.006982}}
{"target": 0.8675180673599243, "params": {"x": 1.1999999284744263, "y": 4.799999713897705}, "datetime": {"datetime": "2022-12-13 15:56:53", "elapsed": 0.507684, "delta": 0.006982}}
{"target": 0.8953824043273926, "params": {"x": 1.7999999523162842, "y": 4.799999713897705}, "datetime": {"datetime": "2022-12-13 15:56:53", "elapsed": 0.515662, "delta": 0.007978}}
{"target": 0.6831192970275879, "params": {"x": 2.3999998569488525, "y": 4.799999713897705}, "datetime": {"datetime": "2022-12-13 15:56:53", "elapsed": 0.522644, "delta": 0.006982}}
{"target": 0.22513365745544434, "params": {"x": 3.0, "y": 4.799999713897705}, "datetime": {"datetime": "2022-12-13 15:56:53", "elapsed": 0.529625, "delta": 0.006981}}
{"target": -0.38929039239883423, "params": {"x": 3.5999999046325684, "y": 4.799999713897705}, "datetime": {"datetime": "2022-12-13 15:56:53", "elapsed": 0.536607, "delta": 0.006982}}
{"target": -0.9170126914978027, "params": {"x": 4.199999809265137, "y": 4.799999713897705}, "datetime": {"datetime": "2022-12-13 15:56:53", "elapsed": 0.543588, "delta": 0.006981}}
{"target": -1.0823235511779785, "params": {"x": 4.799999713897705, "y": 4.799999713897705}, "datetime": {"datetime": "2022-12-13 15:56:53", "elapsed": 0.550571, "delta": 0.006983}}
{"target": -0.7897680401802063, "params": {"x": 5.400000095367432, "y": 4.799999713897705}, "datetime": {"datetime": "2022-12-13 15:56:53", "elapsed": 0.557551, "delta": 0.00698}}
{"target": 0.6346929669380188, "params": {"x": 0.0, "y": 5.400000095367432}, "datetime": {"datetime": "2022-12-13 15:56:53", "elapsed": 0.563535, "delta": 0.005984}}
{"target": 0.794628381729126, "params": {"x": 0.5999999642372131, "y": 5.400000095367432}, "datetime": {"datetime": "2022-12-13 15:56:53", "elapsed": 0.570517, "delta": 0.006982}}
{"target": 0.4640205502510071, "params": {"x": 1.1999999284744263, "y": 5.400000095367432}, "datetime": {"datetime": "2022-12-13 15:56:53", "elapsed": 0.578495, "delta": 0.007978}}
{"target": 0.40468132495880127, "params": {"x": 1.7999999523162842, "y": 5.400000095367432}, "datetime": {"datetime": "2022-12-13 15:56:53", "elapsed": 0.584328, "delta": 0.005833}}
{"target": 0.7309980392456055, "params": {"x": 2.3999998569488525, "y": 5.400000095367432}, "datetime": {"datetime": "2022-12-13 15:56:53", "elapsed": 0.591312, "delta": 0.006984}}
{"target": 0.7505333423614502, "params": {"x": 3.0, "y": 5.400000095367432}, "datetime": {"datetime": "2022-12-13 15:56:53", "elapsed": 0.598291, "delta": 0.006979}}
{"target": -0.05640396475791931, "params": {"x": 3.5999999046325684, "y": 5.400000095367432}, "datetime": {"datetime": "2022-12-13 15:56:53", "elapsed": 0.604276, "delta": 0.005985}}
{"target": -1.2011642456054688, "params": {"x": 4.199999809265137, "y": 5.400000095367432}, "datetime": {"datetime": "2022-12-13 15:56:53", "elapsed": 0.611257, "delta": 0.006981}}
{"target": -1.6211391687393188, "params": {"x": 4.799999713897705, "y": 5.400000095367432}, "datetime": {"datetime": "2022-12-13 15:56:53", "elapsed": 0.617241, "delta": 0.005984}}
{"target": -0.8961041569709778, "params": {"x": 5.400000095367432, "y": 5.400000095367432}, "datetime": {"datetime": "2022-12-13 15:56:53", "elapsed": 0.623225, "delta": 0.005984}}
